<?xml version="1.0" encoding="UTF-8"?>
<coverage generated="1741256880768" clover="3.2.0">
  <project timestamp="1741256880769" name="All files">
    <metrics statements="130" coveredstatements="122" conditionals="34" coveredconditionals="29" methods="31" coveredmethods="30" elements="195" coveredelements="181" complexity="0" loc="130" ncloc="130" packages="2" files="2" classes="2"/>
    <package name="src">
      <metrics statements="119" coveredstatements="111" conditionals="33" coveredconditionals="28" methods="29" coveredmethods="28"/>
      <file name="blockchain.ts" path="/home/amschel/POU-chain/src/blockchain.ts">
        <metrics statements="119" coveredstatements="111" conditionals="33" coveredconditionals="28" methods="29" coveredmethods="28"/>
        <line num="2" count="7" type="stmt"/>
        <line num="3" count="7" type="stmt"/>
        <line num="4" count="7" type="stmt"/>
        <line num="6" count="7" type="stmt"/>
        <line num="7" count="7" type="stmt"/>
        <line num="9" count="20" type="stmt"/>
        <line num="26" count="18" type="stmt"/>
        <line num="27" count="18" type="stmt"/>
        <line num="28" count="18" type="stmt"/>
        <line num="29" count="18" type="stmt"/>
        <line num="30" count="18" type="stmt"/>
        <line num="34" count="12" type="stmt"/>
        <line num="41" count="8" type="cond" truecount="1" falsecount="0"/>
        <line num="42" count="1" type="stmt"/>
        <line num="45" count="7" type="stmt"/>
        <line num="46" count="7" type="stmt"/>
        <line num="47" count="7" type="stmt"/>
        <line num="51" count="3" type="cond" truecount="1" falsecount="0"/>
        <line num="52" count="2" type="cond" truecount="3" falsecount="0"/>
        <line num="53" count="1" type="stmt"/>
        <line num="56" count="1" type="stmt"/>
        <line num="57" count="1" type="stmt"/>
        <line num="75" count="33" type="stmt"/>
        <line num="76" count="33" type="stmt"/>
        <line num="77" count="33" type="stmt"/>
        <line num="78" count="33" type="stmt"/>
        <line num="79" count="33" type="stmt"/>
        <line num="80" count="33" type="stmt"/>
        <line num="84" count="46" type="stmt"/>
        <line num="96" count="5" type="cond" truecount="1" falsecount="0"/>
        <line num="97" count="1" type="stmt"/>
        <line num="99" count="4" type="stmt"/>
        <line num="100" count="4" type="stmt"/>
        <line num="101" count="4" type="stmt"/>
        <line num="105" count="4" type="cond" truecount="3" falsecount="0"/>
        <line num="106" count="1" type="stmt"/>
        <line num="109" count="3" type="stmt"/>
        <line num="110" count="3" type="stmt"/>
        <line num="128" count="7" type="stmt"/>
        <line num="129" count="7" type="stmt"/>
        <line num="130" count="7" type="stmt"/>
        <line num="142" count="20" type="stmt"/>
        <line num="143" count="20" type="stmt"/>
        <line num="144" count="20" type="stmt"/>
        <line num="145" count="20" type="stmt"/>
        <line num="146" count="20" type="stmt"/>
        <line num="147" count="20" type="stmt"/>
        <line num="148" count="20" type="stmt"/>
        <line num="149" count="20" type="stmt"/>
        <line num="153" count="20" type="stmt"/>
        <line num="156" count="20" type="stmt"/>
        <line num="157" count="20" type="stmt"/>
        <line num="161" count="3" type="stmt"/>
        <line num="165" count="15" type="stmt"/>
        <line num="169" count="5" type="stmt"/>
        <line num="173" count="1" type="cond" truecount="0" falsecount="1"/>
        <line num="174" count="0" type="stmt"/>
        <line num="177" count="1" type="stmt"/>
        <line num="183" count="1" type="stmt"/>
        <line num="185" count="1" type="cond" truecount="1" falsecount="1"/>
        <line num="186" count="1" type="stmt"/>
        <line num="188" count="0" type="stmt"/>
        <line num="193" count="2" type="cond" truecount="1" falsecount="0"/>
        <line num="194" count="2" type="stmt"/>
        <line num="195" count="2" type="stmt"/>
        <line num="198" count="0" type="stmt"/>
        <line num="199" count="0" type="stmt"/>
        <line num="202" count="0" type="stmt"/>
        <line num="203" count="0" type="stmt"/>
        <line num="206" count="0" type="stmt"/>
        <line num="214" count="2" type="stmt"/>
        <line num="215" count="1" type="stmt"/>
        <line num="216" count="1" type="stmt"/>
        <line num="218" count="1" type="cond" truecount="0" falsecount="1"/>
        <line num="219" count="0" type="stmt"/>
        <line num="222" count="1" type="cond" truecount="1" falsecount="0"/>
        <line num="223" count="1" type="stmt"/>
        <line num="226" count="1" type="stmt"/>
        <line num="230" count="13" type="cond" truecount="1" falsecount="0"/>
        <line num="231" count="12" type="stmt"/>
        <line num="236" count="12" type="stmt"/>
        <line num="237" count="12" type="stmt"/>
        <line num="238" count="12" type="stmt"/>
        <line num="240" count="1" type="stmt"/>
        <line num="244" count="9" type="stmt"/>
        <line num="248" count="2" type="stmt"/>
        <line num="249" count="2" type="cond" truecount="3" falsecount="0"/>
        <line num="250" count="1" type="stmt"/>
        <line num="253" count="1" type="stmt"/>
        <line num="254" count="1" type="stmt"/>
        <line num="256" count="1" type="cond" truecount="1" falsecount="0"/>
        <line num="257" count="1" type="stmt"/>
        <line num="259" count="1" type="stmt"/>
        <line num="260" count="1" type="stmt"/>
        <line num="262" count="1" type="stmt"/>
        <line num="266" count="1" type="stmt"/>
        <line num="270" count="2" type="stmt"/>
        <line num="274" count="4" type="stmt"/>
        <line num="277" count="4" type="stmt"/>
        <line num="278" count="4" type="stmt"/>
        <line num="282" count="2" type="stmt"/>
        <line num="284" count="2" type="cond" truecount="1" falsecount="0"/>
        <line num="285" count="1" type="stmt"/>
        <line num="286" count="1" type="cond" truecount="1" falsecount="0"/>
        <line num="288" count="1" type="cond" truecount="2" falsecount="0"/>
        <line num="290" count="1" type="stmt"/>
        <line num="292" count="1" type="stmt"/>
        <line num="296" count="1" type="cond" truecount="2" falsecount="0"/>
        <line num="297" count="1" type="stmt"/>
        <line num="298" count="1" type="stmt"/>
        <line num="300" count="1" type="stmt"/>
        <line num="303" count="1" type="stmt"/>
        <line num="307" count="1" type="stmt"/>
        <line num="316" count="1" type="stmt"/>
        <line num="317" count="1" type="stmt"/>
        <line num="318" count="1" type="cond" truecount="1" falsecount="1"/>
        <line num="319" count="1" type="cond" truecount="2" falsecount="0"/>
        <line num="323" count="3" type="stmt"/>
        <line num="327" count="7" type="stmt"/>
      </file>
    </package>
    <package name="src.utils">
      <metrics statements="11" coveredstatements="11" conditionals="1" coveredconditionals="1" methods="2" coveredmethods="2"/>
      <file name="dbconfig.ts" path="/home/amschel/POU-chain/src/utils/dbconfig.ts">
        <metrics statements="11" coveredstatements="11" conditionals="1" coveredconditionals="1" methods="2" coveredmethods="2"/>
        <line num="1" count="1" type="stmt"/>
        <line num="3" count="1" type="stmt"/>
        <line num="5" count="1" type="stmt"/>
        <line num="6" count="2" type="cond" truecount="1" falsecount="0"/>
        <line num="7" count="1" type="stmt"/>
        <line num="10" count="1" type="stmt"/>
        <line num="15" count="1" type="stmt"/>
        <line num="16" count="2" type="stmt"/>
        <line num="17" count="2" type="stmt"/>
        <line num="19" count="1" type="stmt"/>
        <line num="20" count="1" type="stmt"/>
      </file>
    </package>
  </project>
</coverage>
