{"/home/amschel/POU-chain/src/blockchain.ts": {"path":"/home/amschel/POU-chain/src/blockchain.ts","statementMap":{"0":{"start":{"line":2,"column":0},"end":{"line":2,"column":33}},"1":{"start":{"line":3,"column":0},"end":{"line":3,"column":36}},"2":{"start":{"line":4,"column":0},"end":{"line":4,"column":26}},"3":{"start":{"line":6,"column":13},"end":{"line":6,"column":38}},"4":{"start":{"line":7,"column":12},"end":{"line":7,"column":42}},"5":{"start":{"line":9,"column":2},"end":{"line":9,"column":52}},"6":{"start":{"line":21,"column":4},"end":{"line":21,"column":35}},"7":{"start":{"line":22,"column":4},"end":{"line":22,"column":31}},"8":{"start":{"line":23,"column":4},"end":{"line":23,"column":25}},"9":{"start":{"line":24,"column":4},"end":{"line":24,"column":32}},"10":{"start":{"line":25,"column":4},"end":{"line":25,"column":17}},"11":{"start":{"line":29,"column":4},"end":{"line":32,"column":21}},"12":{"start":{"line":36,"column":4},"end":{"line":38,"column":5}},"13":{"start":{"line":37,"column":6},"end":{"line":37,"column":73}},"14":{"start":{"line":40,"column":19},"end":{"line":40,"column":39}},"15":{"start":{"line":41,"column":16},"end":{"line":41,"column":49}},"16":{"start":{"line":42,"column":4},"end":{"line":42,"column":38}},"17":{"start":{"line":46,"column":4},"end":{"line":46,"column":47}},"18":{"start":{"line":46,"column":35},"end":{"line":46,"column":47}},"19":{"start":{"line":47,"column":4},"end":{"line":49,"column":5}},"20":{"start":{"line":48,"column":6},"end":{"line":48,"column":58}},"21":{"start":{"line":51,"column":22},"end":{"line":51,"column":63}},"22":{"start":{"line":52,"column":4},"end":{"line":52,"column":66}},"23":{"start":{"line":321,"column":28},"end":{"line":321,"column":39}},"24":{"start":{"line":70,"column":4},"end":{"line":70,"column":37}},"25":{"start":{"line":71,"column":4},"end":{"line":71,"column":31}},"26":{"start":{"line":72,"column":4},"end":{"line":72,"column":37}},"27":{"start":{"line":73,"column":4},"end":{"line":73,"column":29}},"28":{"start":{"line":74,"column":4},"end":{"line":74,"column":31}},"29":{"start":{"line":75,"column":4},"end":{"line":75,"column":37}},"30":{"start":{"line":79,"column":4},"end":{"line":87,"column":21}},"31":{"start":{"line":91,"column":4},"end":{"line":93,"column":5}},"32":{"start":{"line":92,"column":6},"end":{"line":92,"column":69}},"33":{"start":{"line":94,"column":22},"end":{"line":94,"column":42}},"34":{"start":{"line":95,"column":16},"end":{"line":95,"column":52}},"35":{"start":{"line":96,"column":4},"end":{"line":96,"column":38}},"36":{"start":{"line":100,"column":4},"end":{"line":102,"column":5}},"37":{"start":{"line":101,"column":6},"end":{"line":101,"column":52}},"38":{"start":{"line":104,"column":22},"end":{"line":104,"column":60}},"39":{"start":{"line":105,"column":4},"end":{"line":105,"column":66}},"40":{"start":{"line":321,"column":21},"end":{"line":321,"column":26}},"41":{"start":{"line":123,"column":41},"end":{"line":123,"column":49}},"42":{"start":{"line":124,"column":41},"end":{"line":124,"column":43}},"43":{"start":{"line":125,"column":45},"end":{"line":125,"column":51}},"44":{"start":{"line":137,"column":4},"end":{"line":137,"column":45}},"45":{"start":{"line":138,"column":4},"end":{"line":138,"column":34}},"46":{"start":{"line":139,"column":4},"end":{"line":139,"column":40}},"47":{"start":{"line":140,"column":4},"end":{"line":140,"column":43}},"48":{"start":{"line":141,"column":4},"end":{"line":141,"column":46}},"49":{"start":{"line":142,"column":4},"end":{"line":142,"column":30}},"50":{"start":{"line":143,"column":4},"end":{"line":143,"column":37}},"51":{"start":{"line":144,"column":4},"end":{"line":144,"column":27}},"52":{"start":{"line":148,"column":4},"end":{"line":148,"column":67}},"53":{"start":{"line":151,"column":22},"end":{"line":151,"column":48}},"54":{"start":{"line":152,"column":4},"end":{"line":152,"column":71}},"55":{"start":{"line":156,"column":4},"end":{"line":156,"column":45}},"56":{"start":{"line":160,"column":4},"end":{"line":160,"column":41}},"57":{"start":{"line":164,"column":4},"end":{"line":164,"column":48}},"58":{"start":{"line":168,"column":4},"end":{"line":170,"column":5}},"59":{"start":{"line":169,"column":6},"end":{"line":169,"column":57}},"60":{"start":{"line":172,"column":21},"end":{"line":176,"column":null}},"61":{"start":{"line":178,"column":4},"end":{"line":178,"column":36}},"62":{"start":{"line":180,"column":4},"end":{"line":184,"column":5}},"63":{"start":{"line":181,"column":6},"end":{"line":181,"column":32}},"64":{"start":{"line":183,"column":6},"end":{"line":183,"column":39}},"65":{"start":{"line":188,"column":4},"end":{"line":191,"column":5}},"66":{"start":{"line":189,"column":6},"end":{"line":189,"column":62}},"67":{"start":{"line":190,"column":6},"end":{"line":190,"column":13}},"68":{"start":{"line":193,"column":4},"end":{"line":205,"column":5}},"69":{"start":{"line":194,"column":6},"end":{"line":196,"column":8}},"70":{"start":{"line":197,"column":6},"end":{"line":199,"column":23}},"71":{"start":{"line":198,"column":25},"end":{"line":198,"column":32}},"72":{"start":{"line":201,"column":6},"end":{"line":204,"column":8}},"73":{"start":{"line":209,"column":4},"end":{"line":220,"column":5}},"74":{"start":{"line":209,"column":17},"end":{"line":209,"column":18}},"75":{"start":{"line":210,"column":27},"end":{"line":210,"column":40}},"76":{"start":{"line":211,"column":28},"end":{"line":211,"column":45}},"77":{"start":{"line":213,"column":6},"end":{"line":215,"column":7}},"78":{"start":{"line":214,"column":8},"end":{"line":214,"column":21}},"79":{"start":{"line":217,"column":6},"end":{"line":219,"column":7}},"80":{"start":{"line":218,"column":8},"end":{"line":218,"column":21}},"81":{"start":{"line":221,"column":4},"end":{"line":221,"column":16}},"82":{"start":{"line":225,"column":4},"end":{"line":233,"column":5}},"83":{"start":{"line":226,"column":22},"end":{"line":230,"column":8}},"84":{"start":{"line":231,"column":6},"end":{"line":231,"column":42}},"85":{"start":{"line":232,"column":6},"end":{"line":232,"column":21}},"86":{"start":{"line":234,"column":4},"end":{"line":234,"column":39}},"87":{"start":{"line":238,"column":4},"end":{"line":238,"column":38}},"88":{"start":{"line":242,"column":19},"end":{"line":242,"column":52}},"89":{"start":{"line":243,"column":4},"end":{"line":245,"column":5}},"90":{"start":{"line":244,"column":6},"end":{"line":244,"column":19}},"91":{"start":{"line":247,"column":4},"end":{"line":247,"column":41}},"92":{"start":{"line":248,"column":4},"end":{"line":248,"column":19}},"93":{"start":{"line":250,"column":4},"end":{"line":252,"column":5}},"94":{"start":{"line":251,"column":6},"end":{"line":251,"column":39}},"95":{"start":{"line":253,"column":21},"end":{"line":253,"column":53}},"96":{"start":{"line":254,"column":4},"end":{"line":254,"column":34}},"97":{"start":{"line":256,"column":4},"end":{"line":256,"column":16}},"98":{"start":{"line":260,"column":4},"end":{"line":260,"column":38}},"99":{"start":{"line":264,"column":4},"end":{"line":264,"column":45}},"100":{"start":{"line":268,"column":21},"end":{"line":269,"column":null}},"101":{"start":{"line":271,"column":19},"end":{"line":271,"column":66}},"102":{"start":{"line":272,"column":4},"end":{"line":272,"column":18}},"103":{"start":{"line":276,"column":19},"end":{"line":276,"column":47}},"104":{"start":{"line":278,"column":4},"end":{"line":287,"column":5}},"105":{"start":{"line":279,"column":6},"end":{"line":279,"column":68}},"106":{"start":{"line":280,"column":6},"end":{"line":285,"column":7}},"107":{"start":{"line":282,"column":10},"end":{"line":283,"column":45}},"108":{"start":{"line":284,"column":8},"end":{"line":284,"column":33}},"109":{"start":{"line":286,"column":6},"end":{"line":286,"column":19}},"110":{"start":{"line":290,"column":6},"end":{"line":290,"column":77}},"111":{"start":{"line":291,"column":4},"end":{"line":291,"column":38}},"112":{"start":{"line":292,"column":4},"end":{"line":292,"column":33}},"113":{"start":{"line":294,"column":4},"end":{"line":296,"column":6}},"114":{"start":{"line":297,"column":4},"end":{"line":297,"column":16}},"115":{"start":{"line":301,"column":4},"end":{"line":306,"column":6}},"116":{"start":{"line":310,"column":4},"end":{"line":310,"column":29}},"117":{"start":{"line":311,"column":4},"end":{"line":311,"column":60}},"118":{"start":{"line":312,"column":4},"end":{"line":312,"column":64}},"119":{"start":{"line":313,"column":4},"end":{"line":313,"column":50}},"120":{"start":{"line":317,"column":4},"end":{"line":317,"column":30}},"121":{"start":{"line":321,"column":9},"end":{"line":321,"column":19}}},"fnMap":{"0":{"name":"generateSecureString","decl":{"start":{"line":8,"column":9},"end":{"line":8,"column":29}},"loc":{"start":{"line":8,"column":41},"end":{"line":10,"column":1}}},"1":{"name":"(anonymous_11)","decl":{"start":{"line":20,"column":2},"end":{"line":20,"column":14}},"loc":{"start":{"line":20,"column":68},"end":{"line":26,"column":3}}},"2":{"name":"(anonymous_12)","decl":{"start":{"line":28,"column":2},"end":{"line":28,"column":15}},"loc":{"start":{"line":28,"column":15},"end":{"line":33,"column":3}}},"3":{"name":"(anonymous_13)","decl":{"start":{"line":35,"column":2},"end":{"line":35,"column":6}},"loc":{"start":{"line":35,"column":29},"end":{"line":43,"column":3}}},"4":{"name":"(anonymous_14)","decl":{"start":{"line":45,"column":2},"end":{"line":45,"column":9}},"loc":{"start":{"line":45,"column":9},"end":{"line":53,"column":3}}},"5":{"name":"(anonymous_15)","decl":{"start":{"line":64,"column":2},"end":{"line":64,"column":null}},"loc":{"start":{"line":68,"column":20},"end":{"line":76,"column":3}}},"6":{"name":"(anonymous_16)","decl":{"start":{"line":78,"column":2},"end":{"line":78,"column":15}},"loc":{"start":{"line":78,"column":15},"end":{"line":88,"column":3}}},"7":{"name":"(anonymous_17)","decl":{"start":{"line":90,"column":2},"end":{"line":90,"column":11}},"loc":{"start":{"line":90,"column":34},"end":{"line":97,"column":3}}},"8":{"name":"(anonymous_18)","decl":{"start":{"line":99,"column":2},"end":{"line":99,"column":14}},"loc":{"start":{"line":99,"column":14},"end":{"line":106,"column":3}}},"9":{"name":"(anonymous_19)","decl":{"start":{"line":136,"column":2},"end":{"line":136,"column":null}},"loc":{"start":{"line":136,"column":2},"end":{"line":145,"column":3}}},"10":{"name":"(anonymous_20)","decl":{"start":{"line":147,"column":2},"end":{"line":147,"column":20}},"loc":{"start":{"line":147,"column":20},"end":{"line":149,"column":3}}},"11":{"name":"(anonymous_21)","decl":{"start":{"line":150,"column":2},"end":{"line":150,"column":18}},"loc":{"start":{"line":150,"column":18},"end":{"line":153,"column":3}}},"12":{"name":"(anonymous_22)","decl":{"start":{"line":155,"column":2},"end":{"line":155,"column":16}},"loc":{"start":{"line":155,"column":16},"end":{"line":157,"column":3}}},"13":{"name":"(anonymous_23)","decl":{"start":{"line":159,"column":2},"end":{"line":159,"column":21}},"loc":{"start":{"line":159,"column":37},"end":{"line":161,"column":3}}},"14":{"name":"(anonymous_24)","decl":{"start":{"line":163,"column":2},"end":{"line":163,"column":20}},"loc":{"start":{"line":163,"column":36},"end":{"line":165,"column":3}}},"15":{"name":"(anonymous_25)","decl":{"start":{"line":167,"column":2},"end":{"line":167,"column":14}},"loc":{"start":{"line":167,"column":67},"end":{"line":185,"column":3}}},"16":{"name":"(anonymous_26)","decl":{"start":{"line":187,"column":2},"end":{"line":187,"column":24}},"loc":{"start":{"line":187,"column":69},"end":{"line":206,"column":3}}},"17":{"name":"(anonymous_27)","decl":{"start":{"line":198,"column":19},"end":{"line":198,"column":22}},"loc":{"start":{"line":198,"column":25},"end":{"line":198,"column":32}}},"18":{"name":"(anonymous_28)","decl":{"start":{"line":208,"column":2},"end":{"line":208,"column":14}},"loc":{"start":{"line":208,"column":14},"end":{"line":222,"column":3}}},"19":{"name":"(anonymous_29)","decl":{"start":{"line":224,"column":2},"end":{"line":224,"column":15}},"loc":{"start":{"line":224,"column":59},"end":{"line":235,"column":3}}},"20":{"name":"(anonymous_30)","decl":{"start":{"line":237,"column":2},"end":{"line":237,"column":12}},"loc":{"start":{"line":237,"column":28},"end":{"line":239,"column":3}}},"21":{"name":"(anonymous_31)","decl":{"start":{"line":241,"column":2},"end":{"line":241,"column":20}},"loc":{"start":{"line":241,"column":36},"end":{"line":257,"column":3}}},"22":{"name":"(anonymous_32)","decl":{"start":{"line":259,"column":2},"end":{"line":259,"column":12}},"loc":{"start":{"line":259,"column":28},"end":{"line":261,"column":3}}},"23":{"name":"(anonymous_33)","decl":{"start":{"line":263,"column":2},"end":{"line":263,"column":17}},"loc":{"start":{"line":263,"column":33},"end":{"line":265,"column":3}}},"24":{"name":"(anonymous_34)","decl":{"start":{"line":267,"column":2},"end":{"line":267,"column":23}},"loc":{"start":{"line":267,"column":23},"end":{"line":273,"column":3}}},"25":{"name":"(anonymous_35)","decl":{"start":{"line":275,"column":2},"end":{"line":275,"column":17}},"loc":{"start":{"line":275,"column":55},"end":{"line":298,"column":3}}},"26":{"name":"(anonymous_36)","decl":{"start":{"line":300,"column":2},"end":{"line":300,"column":16}},"loc":{"start":{"line":300,"column":16},"end":{"line":307,"column":3}}},"27":{"name":"(anonymous_37)","decl":{"start":{"line":309,"column":2},"end":{"line":309,"column":11}},"loc":{"start":{"line":309,"column":34},"end":{"line":314,"column":3}}},"28":{"name":"(anonymous_38)","decl":{"start":{"line":316,"column":2},"end":{"line":316,"column":18}},"loc":{"start":{"line":316,"column":18},"end":{"line":318,"column":3}}}},"branchMap":{"0":{"loc":{"start":{"line":8,"column":30},"end":{"line":8,"column":41}},"type":"default-arg","locations":[{"start":{"line":8,"column":39},"end":{"line":8,"column":41}}]},"1":{"loc":{"start":{"line":36,"column":4},"end":{"line":38,"column":5}},"type":"if","locations":[{"start":{"line":36,"column":4},"end":{"line":38,"column":5}}]},"2":{"loc":{"start":{"line":46,"column":4},"end":{"line":46,"column":47}},"type":"if","locations":[{"start":{"line":46,"column":4},"end":{"line":46,"column":47}}]},"3":{"loc":{"start":{"line":47,"column":4},"end":{"line":49,"column":5}},"type":"if","locations":[{"start":{"line":47,"column":4},"end":{"line":49,"column":5}}]},"4":{"loc":{"start":{"line":47,"column":8},"end":{"line":47,"column":54}},"type":"binary-expr","locations":[{"start":{"line":47,"column":8},"end":{"line":47,"column":23}},{"start":{"line":47,"column":27},"end":{"line":47,"column":54}}]},"5":{"loc":{"start":{"line":67,"column":4},"end":{"line":67,"column":21}},"type":"default-arg","locations":[{"start":{"line":67,"column":19},"end":{"line":67,"column":21}}]},"6":{"loc":{"start":{"line":91,"column":4},"end":{"line":93,"column":5}},"type":"if","locations":[{"start":{"line":91,"column":4},"end":{"line":93,"column":5}}]},"7":{"loc":{"start":{"line":100,"column":4},"end":{"line":102,"column":5}},"type":"if","locations":[{"start":{"line":100,"column":4},"end":{"line":102,"column":5}}]},"8":{"loc":{"start":{"line":100,"column":8},"end":{"line":100,"column":54}},"type":"binary-expr","locations":[{"start":{"line":100,"column":8},"end":{"line":100,"column":23}},{"start":{"line":100,"column":27},"end":{"line":100,"column":54}}]},"9":{"loc":{"start":{"line":168,"column":4},"end":{"line":170,"column":5}},"type":"if","locations":[{"start":{"line":168,"column":4},"end":{"line":170,"column":5}}]},"10":{"loc":{"start":{"line":180,"column":4},"end":{"line":184,"column":5}},"type":"if","locations":[{"start":{"line":180,"column":4},"end":{"line":184,"column":5}},{"start":{"line":182,"column":11},"end":{"line":184,"column":5}}]},"11":{"loc":{"start":{"line":188,"column":4},"end":{"line":191,"column":5}},"type":"if","locations":[{"start":{"line":188,"column":4},"end":{"line":191,"column":5}}]},"12":{"loc":{"start":{"line":213,"column":6},"end":{"line":215,"column":7}},"type":"if","locations":[{"start":{"line":213,"column":6},"end":{"line":215,"column":7}}]},"13":{"loc":{"start":{"line":217,"column":6},"end":{"line":219,"column":7}},"type":"if","locations":[{"start":{"line":217,"column":6},"end":{"line":219,"column":7}}]},"14":{"loc":{"start":{"line":224,"column":33},"end":{"line":224,"column":59}},"type":"default-arg","locations":[{"start":{"line":224,"column":58},"end":{"line":224,"column":59}}]},"15":{"loc":{"start":{"line":225,"column":4},"end":{"line":233,"column":5}},"type":"if","locations":[{"start":{"line":225,"column":4},"end":{"line":233,"column":5}}]},"16":{"loc":{"start":{"line":243,"column":4},"end":{"line":245,"column":5}},"type":"if","locations":[{"start":{"line":243,"column":4},"end":{"line":245,"column":5}}]},"17":{"loc":{"start":{"line":243,"column":8},"end":{"line":243,"column":54}},"type":"binary-expr","locations":[{"start":{"line":243,"column":8},"end":{"line":243,"column":15}},{"start":{"line":243,"column":19},"end":{"line":243,"column":54}}]},"18":{"loc":{"start":{"line":250,"column":4},"end":{"line":252,"column":5}},"type":"if","locations":[{"start":{"line":250,"column":4},"end":{"line":252,"column":5}}]},"19":{"loc":{"start":{"line":278,"column":4},"end":{"line":287,"column":5}},"type":"if","locations":[{"start":{"line":278,"column":4},"end":{"line":287,"column":5}}]},"20":{"loc":{"start":{"line":280,"column":6},"end":{"line":285,"column":7}},"type":"if","locations":[{"start":{"line":280,"column":6},"end":{"line":285,"column":7}}]},"21":{"loc":{"start":{"line":282,"column":10},"end":{"line":283,"column":45}},"type":"binary-expr","locations":[{"start":{"line":282,"column":10},"end":{"line":282,"column":42}},{"start":{"line":283,"column":10},"end":{"line":283,"column":45}}]},"22":{"loc":{"start":{"line":290,"column":6},"end":{"line":290,"column":77}},"type":"binary-expr","locations":[{"start":{"line":290,"column":6},"end":{"line":290,"column":38}},{"start":{"line":290,"column":42},"end":{"line":290,"column":77}}]},"23":{"loc":{"start":{"line":312,"column":35},"end":{"line":312,"column":62}},"type":"binary-expr","locations":[{"start":{"line":312,"column":35},"end":{"line":312,"column":56}},{"start":{"line":312,"column":60},"end":{"line":312,"column":62}}]},"24":{"loc":{"start":{"line":313,"column":25},"end":{"line":313,"column":49}},"type":"binary-expr","locations":[{"start":{"line":313,"column":25},"end":{"line":313,"column":44}},{"start":{"line":313,"column":48},"end":{"line":313,"column":49}}]}},"s":{"0":7,"1":7,"2":7,"3":7,"4":7,"5":20,"6":18,"7":18,"8":18,"9":18,"10":18,"11":12,"12":8,"13":1,"14":7,"15":7,"16":7,"17":3,"18":1,"19":2,"20":1,"21":1,"22":1,"23":7,"24":33,"25":33,"26":33,"27":33,"28":33,"29":33,"30":46,"31":5,"32":1,"33":4,"34":4,"35":4,"36":4,"37":1,"38":3,"39":3,"40":7,"41":7,"42":7,"43":7,"44":20,"45":20,"46":20,"47":20,"48":20,"49":20,"50":20,"51":20,"52":20,"53":20,"54":20,"55":3,"56":3,"57":7,"58":3,"59":2,"60":1,"61":1,"62":1,"63":1,"64":0,"65":2,"66":0,"67":0,"68":2,"69":2,"70":2,"71":2,"72":2,"73":2,"74":2,"75":1,"76":1,"77":1,"78":0,"79":1,"80":1,"81":1,"82":13,"83":12,"84":12,"85":12,"86":1,"87":9,"88":2,"89":2,"90":1,"91":1,"92":1,"93":1,"94":1,"95":1,"96":1,"97":1,"98":1,"99":2,"100":4,"101":4,"102":4,"103":2,"104":2,"105":1,"106":1,"107":1,"108":1,"109":1,"110":1,"111":1,"112":1,"113":1,"114":1,"115":1,"116":1,"117":1,"118":1,"119":1,"120":3,"121":7},"f":{"0":20,"1":18,"2":12,"3":8,"4":3,"5":33,"6":46,"7":5,"8":4,"9":20,"10":20,"11":20,"12":3,"13":3,"14":7,"15":3,"16":2,"17":2,"18":2,"19":13,"20":9,"21":2,"22":1,"23":2,"24":4,"25":2,"26":1,"27":1,"28":3},"b":{"0":[20],"1":[1],"2":[1],"3":[1],"4":[2,1],"5":[0],"6":[1],"7":[1],"8":[4,3],"9":[2],"10":[1,0],"11":[0],"12":[0],"13":[1],"14":[3],"15":[12],"16":[1],"17":[2,2],"18":[1],"19":[1],"20":[1],"21":[1,1],"22":[1,1],"23":[1,0],"24":[1,1]}}
,"/home/amschel/POU-chain/src/utils/dbconfig.ts": {"path":"/home/amschel/POU-chain/src/utils/dbconfig.ts","statementMap":{"0":{"start":{"line":1,"column":0},"end":{"line":1,"column":52}},"1":{"start":{"line":3,"column":13},"end":{"line":3,"column":17}},"2":{"start":{"line":5,"column":25},"end":{"line":14,"column":1}},"3":{"start":{"line":6,"column":2},"end":{"line":8,"column":3}},"4":{"start":{"line":7,"column":4},"end":{"line":7,"column":16}},"5":{"start":{"line":10,"column":2},"end":{"line":13,"column":23}},"6":{"start":{"line":5,"column":13},"end":{"line":5,"column":25}},"7":{"start":{"line":15,"column":28},"end":{"line":22,"column":1}},"8":{"start":{"line":16,"column":2},"end":{"line":21,"column":3}},"9":{"start":{"line":17,"column":4},"end":{"line":17,"column":38}},"10":{"start":{"line":19,"column":4},"end":{"line":19,"column":21}},"11":{"start":{"line":20,"column":4},"end":{"line":20,"column":20}},"12":{"start":{"line":15,"column":13},"end":{"line":15,"column":28}}},"fnMap":{"0":{"name":"(anonymous_1)","decl":{"start":{"line":5,"column":25},"end":{"line":5,"column":30}},"loc":{"start":{"line":5,"column":47},"end":{"line":14,"column":1}}},"1":{"name":"(anonymous_2)","decl":{"start":{"line":15,"column":28},"end":{"line":15,"column":33}},"loc":{"start":{"line":15,"column":39},"end":{"line":22,"column":1}}}},"branchMap":{"0":{"loc":{"start":{"line":6,"column":2},"end":{"line":8,"column":3}},"type":"if","locations":[{"start":{"line":6,"column":2},"end":{"line":8,"column":3}}]}},"s":{"0":1,"1":1,"2":1,"3":2,"4":1,"5":1,"6":1,"7":1,"8":2,"9":2,"10":1,"11":1,"12":1},"f":{"0":2,"1":2},"b":{"0":[1]}}
}
