TN:
SF:src/blockchain.ts
FN:8,generateSecureString
FN:20,(anonymous_11)
FN:28,(anonymous_12)
FN:35,(anonymous_13)
FN:45,(anonymous_14)
FN:64,(anonymous_15)
FN:78,(anonymous_16)
FN:90,(anonymous_17)
FN:99,(anonymous_18)
FN:136,(anonymous_19)
FN:147,(anonymous_20)
FN:150,(anonymous_21)
FN:155,(anonymous_22)
FN:159,(anonymous_23)
FN:163,(anonymous_24)
FN:167,(anonymous_25)
FN:187,(anonymous_26)
FN:198,(anonymous_27)
FN:208,(anonymous_28)
FN:224,(anonymous_29)
FN:237,(anonymous_30)
FN:241,(anonymous_31)
FN:259,(anonymous_32)
FN:263,(anonymous_33)
FN:267,(anonymous_34)
FN:275,(anonymous_35)
FN:300,(anonymous_36)
FN:309,(anonymous_37)
FN:316,(anonymous_38)
FNF:29
FNH:29
FNDA:20,generateSecureString
FNDA:18,(anonymous_11)
FNDA:12,(anonymous_12)
FNDA:8,(anonymous_13)
FNDA:3,(anonymous_14)
FNDA:33,(anonymous_15)
FNDA:46,(anonymous_16)
FNDA:5,(anonymous_17)
FNDA:4,(anonymous_18)
FNDA:20,(anonymous_19)
FNDA:20,(anonymous_20)
FNDA:20,(anonymous_21)
FNDA:3,(anonymous_22)
FNDA:3,(anonymous_23)
FNDA:7,(anonymous_24)
FNDA:3,(anonymous_25)
FNDA:2,(anonymous_26)
FNDA:2,(anonymous_27)
FNDA:2,(anonymous_28)
FNDA:13,(anonymous_29)
FNDA:9,(anonymous_30)
FNDA:2,(anonymous_31)
FNDA:1,(anonymous_32)
FNDA:2,(anonymous_33)
FNDA:4,(anonymous_34)
FNDA:2,(anonymous_35)
FNDA:1,(anonymous_36)
FNDA:1,(anonymous_37)
FNDA:3,(anonymous_38)
DA:2,7
DA:3,7
DA:4,7
DA:6,7
DA:7,7
DA:9,20
DA:21,18
DA:22,18
DA:23,18
DA:24,18
DA:25,18
DA:29,12
DA:36,8
DA:37,1
DA:40,7
DA:41,7
DA:42,7
DA:46,3
DA:47,2
DA:48,1
DA:51,1
DA:52,1
DA:70,33
DA:71,33
DA:72,33
DA:73,33
DA:74,33
DA:75,33
DA:79,46
DA:91,5
DA:92,1
DA:94,4
DA:95,4
DA:96,4
DA:100,4
DA:101,1
DA:104,3
DA:105,3
DA:123,7
DA:124,7
DA:125,7
DA:137,20
DA:138,20
DA:139,20
DA:140,20
DA:141,20
DA:142,20
DA:143,20
DA:144,20
DA:148,20
DA:151,20
DA:152,20
DA:156,3
DA:160,3
DA:164,7
DA:168,3
DA:169,2
DA:172,1
DA:178,1
DA:180,1
DA:181,1
DA:183,0
DA:188,2
DA:189,0
DA:190,0
DA:193,2
DA:194,2
DA:197,2
DA:198,2
DA:201,2
DA:209,2
DA:210,1
DA:211,1
DA:213,1
DA:214,0
DA:217,1
DA:218,1
DA:221,1
DA:225,13
DA:226,12
DA:231,12
DA:232,12
DA:234,1
DA:238,9
DA:242,2
DA:243,2
DA:244,1
DA:247,1
DA:248,1
DA:250,1
DA:251,1
DA:253,1
DA:254,1
DA:256,1
DA:260,1
DA:264,2
DA:268,4
DA:271,4
DA:272,4
DA:276,2
DA:278,2
DA:279,1
DA:280,1
DA:282,1
DA:284,1
DA:286,1
DA:290,1
DA:291,1
DA:292,1
DA:294,1
DA:297,1
DA:301,1
DA:310,1
DA:311,1
DA:312,1
DA:313,1
DA:317,3
DA:321,7
LF:118
LH:114
BRDA:8,0,0,20
BRDA:36,1,0,1
BRDA:46,2,0,1
BRDA:47,3,0,1
BRDA:47,4,0,2
BRDA:47,4,1,1
BRDA:67,5,0,0
BRDA:91,6,0,1
BRDA:100,7,0,1
BRDA:100,8,0,4
BRDA:100,8,1,3
BRDA:168,9,0,2
BRDA:180,10,0,1
BRDA:180,10,1,0
BRDA:188,11,0,0
BRDA:213,12,0,0
BRDA:217,13,0,1
BRDA:224,14,0,3
BRDA:225,15,0,12
BRDA:243,16,0,1
BRDA:243,17,0,2
BRDA:243,17,1,2
BRDA:250,18,0,1
BRDA:278,19,0,1
BRDA:280,20,0,1
BRDA:282,21,0,1
BRDA:282,21,1,1
BRDA:290,22,0,1
BRDA:290,22,1,1
BRDA:312,23,0,1
BRDA:312,23,1,0
BRDA:313,24,0,1
BRDA:313,24,1,1
BRF:33
BRH:28
end_of_record
TN:
SF:src/utils/dbconfig.ts
FN:5,(anonymous_1)
FN:15,(anonymous_2)
FNF:2
FNH:2
FNDA:2,(anonymous_1)
FNDA:2,(anonymous_2)
DA:1,1
DA:3,1
DA:5,1
DA:6,2
DA:7,1
DA:10,1
DA:15,1
DA:16,2
DA:17,2
DA:19,1
DA:20,1
LF:11
LH:11
BRDA:6,0,0,1
BRF:1
BRH:1
end_of_record
