TN:
SF:src/blockchain.ts
FN:8,generateSecureString
FN:20,(anonymous_11)
FN:33,(anonymous_12)
FN:40,(anonymous_13)
FN:50,(anonymous_14)
FN:69,(anonymous_15)
FN:83,(anonymous_16)
FN:95,(anonymous_17)
FN:104,(anonymous_18)
FN:141,(anonymous_19)
FN:152,(anonymous_20)
FN:155,(anonymous_21)
FN:160,(anonymous_22)
FN:164,(anonymous_23)
FN:168,(anonymous_24)
FN:172,(anonymous_25)
FN:192,(anonymous_26)
FN:203,(anonymous_27)
FN:213,(anonymous_28)
FN:229,(anonymous_29)
FN:243,(anonymous_30)
FN:247,(anonymous_31)
FN:265,(anonymous_32)
FN:269,(anonymous_33)
FN:273,(anonymous_34)
FN:281,(anonymous_35)
FN:306,(anonymous_36)
FN:315,(anonymous_37)
FN:322,(anonymous_38)
FNF:29
FNH:28
FNDA:20,generateSecureString
FNDA:18,(anonymous_11)
FNDA:12,(anonymous_12)
FNDA:8,(anonymous_13)
FNDA:3,(anonymous_14)
FNDA:33,(anonymous_15)
FNDA:46,(anonymous_16)
FNDA:5,(anonymous_17)
FNDA:4,(anonymous_18)
FNDA:20,(anonymous_19)
FNDA:20,(anonymous_20)
FNDA:20,(anonymous_21)
FNDA:3,(anonymous_22)
FNDA:15,(anonymous_23)
FNDA:5,(anonymous_24)
FNDA:1,(anonymous_25)
FNDA:2,(anonymous_26)
FNDA:0,(anonymous_27)
FNDA:2,(anonymous_28)
FNDA:13,(anonymous_29)
FNDA:9,(anonymous_30)
FNDA:2,(anonymous_31)
FNDA:1,(anonymous_32)
FNDA:2,(anonymous_33)
FNDA:4,(anonymous_34)
FNDA:2,(anonymous_35)
FNDA:1,(anonymous_36)
FNDA:1,(anonymous_37)
FNDA:3,(anonymous_38)
DA:2,7
DA:3,7
DA:4,7
DA:6,7
DA:7,7
DA:9,20
DA:26,18
DA:27,18
DA:28,18
DA:29,18
DA:30,18
DA:34,12
DA:41,8
DA:42,1
DA:45,7
DA:46,7
DA:47,7
DA:51,3
DA:52,2
DA:53,1
DA:56,1
DA:57,1
DA:75,33
DA:76,33
DA:77,33
DA:78,33
DA:79,33
DA:80,33
DA:84,46
DA:96,5
DA:97,1
DA:99,4
DA:100,4
DA:101,4
DA:105,4
DA:106,1
DA:109,3
DA:110,3
DA:128,7
DA:129,7
DA:130,7
DA:142,20
DA:143,20
DA:144,20
DA:145,20
DA:146,20
DA:147,20
DA:148,20
DA:149,20
DA:153,20
DA:156,20
DA:157,20
DA:161,3
DA:165,15
DA:169,5
DA:173,1
DA:174,0
DA:177,1
DA:183,1
DA:185,1
DA:186,1
DA:188,0
DA:193,2
DA:194,2
DA:195,2
DA:198,0
DA:199,0
DA:202,0
DA:203,0
DA:206,0
DA:214,2
DA:215,1
DA:216,1
DA:218,1
DA:219,0
DA:222,1
DA:223,1
DA:226,1
DA:230,13
DA:231,12
DA:236,12
DA:237,12
DA:238,12
DA:240,1
DA:244,9
DA:248,2
DA:249,2
DA:250,1
DA:253,1
DA:254,1
DA:256,1
DA:257,1
DA:259,1
DA:260,1
DA:262,1
DA:266,1
DA:270,2
DA:274,4
DA:277,4
DA:278,4
DA:282,2
DA:284,2
DA:285,1
DA:286,1
DA:288,1
DA:290,1
DA:292,1
DA:296,1
DA:297,1
DA:298,1
DA:300,1
DA:303,1
DA:307,1
DA:316,1
DA:317,1
DA:318,1
DA:319,1
DA:323,3
DA:327,7
LF:119
LH:111
BRDA:8,0,0,20
BRDA:41,1,0,1
BRDA:51,2,0,1
BRDA:52,3,0,1
BRDA:52,4,0,2
BRDA:52,4,1,1
BRDA:72,5,0,0
BRDA:96,6,0,1
BRDA:105,7,0,1
BRDA:105,8,0,4
BRDA:105,8,1,3
BRDA:173,9,0,0
BRDA:185,10,0,1
BRDA:185,10,1,0
BRDA:193,11,0,2
BRDA:218,12,0,0
BRDA:222,13,0,1
BRDA:229,14,0,3
BRDA:230,15,0,12
BRDA:249,16,0,1
BRDA:249,17,0,2
BRDA:249,17,1,2
BRDA:256,18,0,1
BRDA:284,19,0,1
BRDA:286,20,0,1
BRDA:288,21,0,1
BRDA:288,21,1,1
BRDA:296,22,0,1
BRDA:296,22,1,1
BRDA:318,23,0,1
BRDA:318,23,1,0
BRDA:319,24,0,1
BRDA:319,24,1,1
BRF:33
BRH:28
end_of_record
TN:
SF:src/utils/dbconfig.ts
FN:5,(anonymous_1)
FN:15,(anonymous_2)
FNF:2
FNH:2
FNDA:2,(anonymous_1)
FNDA:2,(anonymous_2)
DA:1,1
DA:3,1
DA:5,1
DA:6,2
DA:7,1
DA:10,1
DA:15,1
DA:16,2
DA:17,2
DA:19,1
DA:20,1
LF:11
LH:11
BRDA:6,0,0,1
BRF:1
BRH:1
end_of_record
